<?xml version="1.0" encoding="UTF-8"?>
<!-- Generated by org.testng.reporters.JUnitReportReporter -->
<testsuite skipped="0" hostname="Ehtimads-MacBook-Pro.local" name="com.qa.tests.ProductsTestsWithDeepLink" tests="1" failures="0" timestamp="29 Nov 2022 10:20:43 GMT" time="107.191" errors="0">
  <testcase name="productPage" time="107.191" classname="com.qa.tests.ProductsTestsWithDeepLink"/>
</testsuite> <!-- com.qa.tests.ProductsTestsWithDeepLink -->
