<?xml version="1.0" encoding="UTF-8"?>
<!-- Generated by org.testng.reporters.JUnitReportReporter -->
<testsuite skipped="0" hostname="Ehtimads-MacBook-Pro.local" name="com.qa.tests.ProductsTests" tests="1" failures="0" timestamp="24 Nov 2022 06:35:24 GMT" time="60.660" errors="0">
  <testcase name="productPage" time="60.660" classname="com.qa.tests.ProductsTests"/>
</testsuite> <!-- com.qa.tests.ProductsTests -->
