<?xml version="1.0" encoding="UTF-8"?>
<!-- Generated by org.testng.reporters.JUnitReportReporter -->
<testsuite skipped="0" hostname="Ehtimads-MacBook-Pro.local" name="com.qa.tests.LoginTests" tests="1" failures="0" timestamp="29 Nov 2022 09:00:01 GMT" time="9.485" errors="0">
  <testcase name="successLoginStandartUserPressTap" time="9.485" classname="com.qa.tests.LoginTests"/>
</testsuite> <!-- com.qa.tests.LoginTests -->
